[2025-09-06 17:10:01] [main] INFO  utils.LogHelper - BeforeSuite: Extent Report initialized
[2025-09-06 17:10:01] [main] INFO  utils.LogHelper - Listener: Test Context Started - Surefire test
[2025-09-06 17:10:01] [main] INFO  utils.LogHelper - ? Config file loaded successfully from: src/test/resources/config.properties
[2025-09-06 17:10:01] [main] INFO  utils.LogHelper - BeforeTest: Environment set to: config
[2025-09-06 17:10:01] [main] INFO  utils.LogHelper - BeforeTest: Browser set to: chrome
[2025-09-06 17:10:01] [main] INFO  utils.LogHelper - BeforeTest: Base URL set to: https://www.amazon.com
[2025-09-06 17:10:01] [main] INFO  utils.LogHelper - BeforeClass: Initializing page objects for class: AmazonE2ETest
[2025-09-06 17:10:01] [main] INFO  utils.LogHelper - BeforeMethod: Starting WebDriver for test method: testInvalidPassword
[2025-09-06 17:10:09] [main] INFO  utils.LogHelper - Listener: Test Started - testInvalidPassword
[2025-09-06 17:10:09] [main] INFO  utils.LogHelper - Fetching Amazon user credential from environment variables
[2025-09-06 17:10:09] [main] INFO  utils.LogHelper - Starting negative login test for user: nobleprizewinners@gmail.com with incorrect password
[2025-09-06 17:10:10] [main] INFO  utils.LogHelper - Waiting for the page to Load...
[2025-09-06 17:10:30] [main] INFO  utils.LogHelper - AfterMethod: Cleaning up after test method - testInvalidPassword
[2025-09-06 17:10:31] [main] INFO  utils.LogHelper - AfterMethod: WebDriver quit successfully
[2025-09-06 17:10:31] [main] INFO  utils.LogHelper - BeforeMethod: Starting WebDriver for test method: testValidLogin
[2025-09-06 17:10:32] [main] INFO  utils.LogHelper - Listener: Test Started - testValidLogin
[2025-09-06 17:10:32] [main] INFO  utils.LogHelper - Fetching Amazon user credential from environment variables
[2025-09-06 17:10:32] [main] INFO  utils.LogHelper - Fetching Amazon password from environment variables
[2025-09-06 17:10:32] [main] INFO  utils.LogHelper - Starting login test for user: nobleprizewinners@gmail.com
[2025-09-06 17:10:36] [main] INFO  utils.LogHelper - Waiting for the page to Load...
[2025-09-06 17:10:57] [main] INFO  utils.LogHelper - AfterMethod: Cleaning up after test method - testValidLogin
[2025-09-06 17:10:57] [main] INFO  utils.LogHelper - AfterMethod: WebDriver quit successfully
[2025-09-06 17:10:57] [main] INFO  utils.LogHelper - AfterClass: Cleaning up class resources for: AmazonE2ETest
[2025-09-06 17:10:57] [main] INFO  utils.LogHelper - AfterTest: Cleaning up test-level resources
[2025-09-06 17:10:57] [main] INFO  utils.LogHelper - Listener: Test Context Finished - Surefire test
[2025-09-06 17:10:58] [main] INFO  utils.LogHelper - AfterSuite: Extent Report flushed
[2025-09-06 17:10:58] [main] INFO  utils.LogHelper - Fetching Gmail user from environment variables
[2025-09-06 17:10:58] [main] INFO  utils.LogHelper - Fetching Gmail App Password from environment variables
[2025-09-06 17:11:03] [main] INFO  utils.LogHelper - Report emailed successfully to nobleprizewinners@gmail.com, seleniumjavaautomation2025@gmail.com
